<?xml version="1.0" encoding="UTF-8"?>
<testng-results ignored="0" total="1" passed="1" failed="0" skipped="0">
  <reporter-output>
  </reporter-output>
  <suite started-at="2025-04-25T17:58:40 IST" name="Default suite" finished-at="2025-04-25T17:58:43 IST" duration-ms="2660">
    <groups>
    </groups>
    <test started-at="2025-04-25T17:58:40 IST" name="Default test" finished-at="2025-04-25T17:58:43 IST" duration-ms="2660">
      <class name="Day1.HTTPrequest">
        <test-method signature="getUsers()[pri:0, instance:Day1.HTTPrequest@2145b572]" started-at="2025-04-25T17:58:40 IST" name="getUsers" finished-at="2025-04-25T17:58:43 IST" duration-ms="2555" status="PASS">
          <reporter-output>
          </reporter-output>
        </test-method> <!-- getUsers -->
      </class> <!-- Day1.HTTPrequest -->
    </test> <!-- Default test -->
  </suite> <!-- Default suite -->
</testng-results>
